<?xml version="1.0" encoding="UTF-8"?>
<testng-results skipped="0" failed="0" ignored="0" total="1" passed="1">
  <reporter-output>
  </reporter-output>
  <suite name="Default suite" duration-ms="7862" started-at="2022-12-28T03:11:50 IST" finished-at="2022-12-28T03:11:58 IST">
    <groups>
    </groups>
    <test name="Default test" duration-ms="7862" started-at="2022-12-28T03:11:50 IST" finished-at="2022-12-28T03:11:58 IST">
      <class name="BasicsOfRestAssured.DeleteRequest">
        <test-method status="PASS" signature="generateToken()[pri:0, instance:BasicsOfRestAssured.DeleteRequest@1f7030a6]" name="generateToken" is-config="true" duration-ms="5918" started-at="2022-12-28T03:11:50 IST" finished-at="2022-12-28T03:11:56 IST">
          <reporter-output>
          </reporter-output>
        </test-method> <!-- generateToken -->
        <test-method status="PASS" signature="apdateBooking()[pri:0, instance:BasicsOfRestAssured.DeleteRequest@1f7030a6]" name="apdateBooking" duration-ms="1864" started-at="2022-12-28T03:11:56 IST" finished-at="2022-12-28T03:11:58 IST">
          <reporter-output>
          </reporter-output>
        </test-method> <!-- apdateBooking -->
      </class> <!-- BasicsOfRestAssured.DeleteRequest -->
    </test> <!-- Default test -->
  </suite> <!-- Default suite -->
</testng-results>
